Catcall detected in {TO_SPECIAL}.make_filled_area for arg#1: expected BLOCK but got Void

dirtsphere: system execution failed.
Following is the set of recorded exceptions:

-------------------------------------------------------------------------------
Class / Object      Routine                Nature of exception           Effect
-------------------------------------------------------------------------------
ARRAY2              make @4                has_default:                 
<0000000004468478>                         Precondition violated.        Fail
-------------------------------------------------------------------------------
BLOCKARRAY          make @1                                             
<0000000004468458>                         Routine failure.              Fail
-------------------------------------------------------------------------------
ENGINE              make @10                                            
<0000000004465608>                         Routine failure.              Fail
-------------------------------------------------------------------------------
APPLICATION         make @1                                             
<00000000044655E8>                         Routine failure.              Fail
-------------------------------------------------------------------------------
GAME2_APPLICATION   make @1                                             
<00000000044655A8>                         Routine failure.              Fail
-------------------------------------------------------------------------------
GAME2_APPLICATION   root's creation                                     
<00000000044655A8>                         Routine failure.              Exit
-------------------------------------------------------------------------------

dirtsphere: system execution failed.
Following is the set of recorded exceptions:

-------------------------------------------------------------------------------
Class / Object      Routine                Nature of exception           Effect
-------------------------------------------------------------------------------
ARRAY               make @2                has_default:                 
<000000000447D478>                         Precondition violated.        Fail
-------------------------------------------------------------------------------
BLOCKARRAY          make @1                                             
<000000000447D458>                         Routine failure.              Fail
-------------------------------------------------------------------------------
ENGINE              make @10                                            
<000000000447A608>                         Routine failure.              Fail
-------------------------------------------------------------------------------
APPLICATION         make @1                                             
<000000000447A5E8>                         Routine failure.              Fail
-------------------------------------------------------------------------------
GAME2_APPLICATION   make @1                                             
<000000000447A5A8>                         Routine failure.              Fail
-------------------------------------------------------------------------------
GAME2_APPLICATION   root's creation                                     
<000000000447A5A8>                         Routine failure.              Exit
-------------------------------------------------------------------------------
