
dirtsphere_eiffel_server: system execution failed.
Following is the set of recorded exceptions:

******************************** Thread exception *****************************
In thread           Root thread            0x0 (thread id)
*******************************************************************************
-------------------------------------------------------------------------------
Class / Object      Routine                Nature of exception           Effect
-------------------------------------------------------------------------------
NETWORK_STREAM_SOCKET
                    eif_net_retrieved      Retrieve: unable to read type of storable.:
<00000000042665E8>  (From SOCKET)          Runtime I/O error.            Fail
-------------------------------------------------------------------------------
NETWORK_STREAM_SOCKET
                    eif_net_retrieved      
<00000000042665E8>  (From SOCKET)          Routine failure.              Fail
-------------------------------------------------------------------------------
NETWORK_STREAM_SOCKET
                    retrieved @7           
<00000000042665E8>  (From SOCKET)          Routine failure.              Fail
-------------------------------------------------------------------------------
APPLICATION         make @8                                             
<00000000042665A8>                         Routine failure.              Fail
-------------------------------------------------------------------------------
APPLICATION         root's creation                                     
<00000000042665A8>                         Routine failure.              Exit
-------------------------------------------------------------------------------


dirtsphere_eiffel_server: PANIC: caught signal #21 (Ctrl-Break) -- Giving up...
